{
  "0 debug pnpm:scope": {
    "selected": 1
  },
  "1 info pnpm": {
    "err": {
      "name": "Error",
      "message": "not found: i、",
      "code": "ENOENT",
      "stack": "Error: not found: i、\n    at getNotFoundError (D:\\nodejs\\v16\\node_modules\\pnpm\\dist\\pnpm.cjs:41585:51)\n    at Function.whichSync [as sync] (D:\\nodejs\\v16\\node_modules\\pnpm\\dist\\pnpm.cjs:41662:13)\n    at getCommandAbsolutePathSync (D:\\nodejs\\v16\\node_modules\\pnpm\\dist\\pnpm.cjs:43227:44)\n    at default_1 (D:\\nodejs\\v16\\node_modules\\pnpm\\dist\\pnpm.cjs:43236:32)\n    at D:\\nodejs\\v16\\node_modules\\pnpm\\dist\\pnpm.cjs:178180:39"
    }
  },
  "2 error pnpm": {
    "code": "ERR_PNPM_RECURSIVE_EXEC_FIRST_FAIL",
    "prefix": "D:\\construct\\test\\vue3-admin-plus",
    "err": {
      "name": "pnpm",
      "message": "not found: i、",
      "code": "ERR_PNPM_RECURSIVE_EXEC_FIRST_FAIL",
      "stack": "Error: not found: i、\n    at getNotFoundError (D:\\nodejs\\v16\\node_modules\\pnpm\\dist\\pnpm.cjs:41585:51)\n    at Function.whichSync [as sync] (D:\\nodejs\\v16\\node_modules\\pnpm\\dist\\pnpm.cjs:41662:13)\n    at getCommandAbsolutePathSync (D:\\nodejs\\v16\\node_modules\\pnpm\\dist\\pnpm.cjs:43227:44)\n    at default_1 (D:\\nodejs\\v16\\node_modules\\pnpm\\dist\\pnpm.cjs:43236:32)\n    at D:\\nodejs\\v16\\node_modules\\pnpm\\dist\\pnpm.cjs:178180:39"
    }
  }
}